\BOOKMARK [0][-]{chapter.1}{INTRODUCTION}{}% 1
\BOOKMARK [1][-]{section.1.1}{Problem definition}{chapter.1}% 2
\BOOKMARK [1][-]{section.1.2}{Objective}{chapter.1}% 3
\BOOKMARK [1][-]{section.1.3}{Research questions}{chapter.1}% 4
\BOOKMARK [1][-]{section.1.4}{Limitations}{chapter.1}% 5
\BOOKMARK [1][-]{section.1.5}{Contribution}{chapter.1}% 6
\BOOKMARK [1][-]{section.1.6}{Structure of this thesis}{chapter.1}% 7
\BOOKMARK [0][-]{chapter.2}{A Brief Introduction to Stereoscopy}{}% 8
\BOOKMARK [1][-]{section.2.1}{Stereoscopic 3D}{chapter.2}% 9
\BOOKMARK [1][-]{section.2.2}{Depth-Image Based Rendering}{chapter.2}% 10
\BOOKMARK [1][-]{section.2.3}{Encoding of depth map}{chapter.2}% 11
\BOOKMARK [1][-]{section.2.4}{Issues related to Depth-maps}{chapter.2}% 12
\BOOKMARK [1][-]{section.2.5}{Effects of improper 3D}{chapter.2}% 13
\BOOKMARK [1][-]{section.2.6}{Filtering of depth map}{chapter.2}% 14
\BOOKMARK [2][-]{subsection.2.6.1}{Spatial-Depth super resolution for Range Images}{section.2.6}% 15
\BOOKMARK [1][-]{section.2.7}{Transmission of stereo content}{chapter.2}% 16
\BOOKMARK [0][-]{chapter.3}{OpenCL: The Open Source Specification for GPU Programming}{}% 17
\BOOKMARK [1][-]{section.3.1}{The OpenCL Architecture}{chapter.3}% 18
\BOOKMARK [2][-]{subsection.3.1.1}{Platform Model}{section.3.1}% 19
\BOOKMARK [2][-]{subsection.3.1.2}{Execution model}{section.3.1}% 20
\BOOKMARK [2][-]{subsection.3.1.3}{Memory Model}{section.3.1}% 21
\BOOKMARK [2][-]{subsection.3.1.4}{Programming Model}{section.3.1}% 22
\BOOKMARK [2][-]{subsection.3.1.5}{Memory Objects}{section.3.1}% 23
\BOOKMARK [2][-]{subsection.3.1.6}{The OpenCL Framework}{section.3.1}% 24
\BOOKMARK [1][-]{section.3.2}{The OpenCL Platform Layer}{chapter.3}% 25
\BOOKMARK [2][-]{subsection.3.2.1}{Querying Platform Info}{section.3.2}% 26
\BOOKMARK [2][-]{subsection.3.2.2}{Querying Devices}{section.3.2}% 27
\BOOKMARK [2][-]{subsection.3.2.3}{Partitioning a Device}{section.3.2}% 28
\BOOKMARK [2][-]{subsection.3.2.4}{Contexts}{section.3.2}% 29
\BOOKMARK [1][-]{section.3.3}{The OpenCL Runtime}{chapter.3}% 30
\BOOKMARK [2][-]{subsection.3.3.1}{Command Queues}{section.3.3}% 31
\BOOKMARK [2][-]{subsection.3.3.2}{Buffer Objects}{section.3.3}% 32
\BOOKMARK [2][-]{subsection.3.3.3}{Image Objects}{section.3.3}% 33
\BOOKMARK [2][-]{subsection.3.3.4}{Sampler Objects}{section.3.3}% 34
\BOOKMARK [2][-]{subsection.3.3.5}{Program Objects}{section.3.3}% 35
\BOOKMARK [2][-]{subsection.3.3.6}{Kernel Objects }{section.3.3}% 36
\BOOKMARK [2][-]{subsection.3.3.7}{Executing Kernels}{section.3.3}% 37
\BOOKMARK [2][-]{subsection.3.3.8}{Flush and Finish}{section.3.3}% 38
\BOOKMARK [1][-]{section.3.4}{The OpenCL C Programming Language}{chapter.3}% 39
\BOOKMARK [2][-]{subsection.3.4.1}{Supported Data Types}{section.3.4}% 40
\BOOKMARK [2][-]{subsection.3.4.2}{Conversions and Type Casting}{section.3.4}% 41
\BOOKMARK [2][-]{subsection.3.4.3}{Operators}{section.3.4}% 42
\BOOKMARK [2][-]{subsection.3.4.4}{Vector Operations}{section.3.4}% 43
\BOOKMARK [2][-]{subsection.3.4.5}{Address Space Qualifiers}{section.3.4}% 44
\BOOKMARK [2][-]{subsection.3.4.6}{Access Qualifiers}{section.3.4}% 45
\BOOKMARK [2][-]{subsection.3.4.7}{Function Qualifiers}{section.3.4}% 46
\BOOKMARK [2][-]{subsection.3.4.8}{Preprocessor Directive and Macros}{section.3.4}% 47
\BOOKMARK [1][-]{section.3.5}{Limitations of OpenCL}{chapter.3}% 48
\BOOKMARK [1][-]{section.3.6}{Performance considerations}{chapter.3}% 49
\BOOKMARK [0][-]{chapter.4}{ALGORITHM AND IMPLEMENTATION}{}% 50
\BOOKMARK [1][-]{section.4.1}{Depth map filtering approach}{chapter.4}% 51
\BOOKMARK [2][-]{subsection.4.1.1}{Bilateral filter}{section.4.1}% 52
\BOOKMARK [2][-]{subsection.4.1.2}{Hypothesis filter}{section.4.1}% 53
\BOOKMARK [1][-]{section.4.2}{Implementation in OpenCL}{chapter.4}% 54
\BOOKMARK [2][-]{subsection.4.2.1}{Installing OpenCL}{section.4.2}% 55
\BOOKMARK [2][-]{subsection.4.2.2}{Example: Box Filter implementation in OpenCL}{section.4.2}% 56
\BOOKMARK [2][-]{subsection.4.2.3}{Implementation of Bilateral Filter}{section.4.2}% 57
\BOOKMARK [2][-]{subsection.4.2.4}{Implementation of Hypothesis filter}{section.4.2}% 58
\BOOKMARK [0][-]{chapter.5}{RESULTS AND ANALYSIS}{}% 59
\BOOKMARK [0][-]{chapter.6}{CONCLUSION}{}% 60
\BOOKMARK [1][-]{section.6.1}{Conclusion}{chapter.6}% 61
\BOOKMARK [1][-]{section.6.2}{Future Works}{chapter.6}% 62
\BOOKMARK [0][-]{section.6.2}{REFERENCES}{}% 63
\BOOKMARK [0][-]{appendix.A}{APPENDIX}{}% 64
